
************************************************************
*** Date Time: 22-Oct-2017 02:52:39
*** Case ID: 3
*** N links = 10, deadline = 2 ms, N runs = 20, N frames = 50000
*** Policy = decentralized, N_swap = 1 
*** qn = 0.792 0.792 0.792 0.792 0.792 0.792 0.792 0.792 0.792 0.792 
*** channel = 0.700 0.700 0.700 0.700 0.700 0.700 0.700 0.700 0.700 0.700 
*** Arrival type = Bernoulli, alpha = 0.800, rho = 0.990 

************************************************************
*** Date Time: 22-Oct-2017 02:53:20
*** Case ID: 3
*** N links = 10, deadline = 2 ms, N runs = 20, N frames = 50000
*** Policy = decentralized, N_swap = 1 
*** qn = 0.792 0.792 0.792 0.792 0.792 0.792 0.792 0.792 0.792 0.792 
*** channel = 0.700 0.700 0.700 0.700 0.700 0.700 0.700 0.700 0.700 0.700 
*** Arrival type = Bernoulli, alpha = 0.800, rho = 0.990 
*** Time average deficit:
103.4 112.0 113.0 100.1 110.2 104.5 99.1 95.0 104.5 95.3 
*** Mean max deficit:
340.3 307.8 335.6 278.6 305.4 296.8 300.6 276.9 302.7 238.2 
************************************************************
*** Date Time: 22-Oct-2017 03:07:54
*** Case ID: 3
*** N links = 10, deadline = 2 ms, N runs = 20, N frames = 50000
*** Policy = LDF, N_swap = 1 
*** qn = 0.792 0.792 0.792 0.792 0.792 0.792 0.792 0.792 0.792 0.792 
*** channel = 0.700 0.700 0.700 0.700 0.700 0.700 0.700 0.700 0.700 0.700 
*** Arrival type = Bernoulli, alpha = 0.800, rho = 0.990 
*** Time average deficit:
2.3 2.0 2.7 3.0 2.5 2.9 3.3 2.8 2.3 2.5 
*** Mean max deficit:
24.5 22.2 25.2 28.1 24.2 28.4 26.9 25.6 21.6 27.7 
************************************************************
*** Date Time: 22-Oct-2017 03:19:13
*** Case ID: 3
*** N links = 10, deadline = 2 ms, N runs = 20, N frames = 50000
*** Policy = decentralized, N_swap = 1 
*** qn = 0.752 0.752 0.752 0.752 0.752 0.752 0.752 0.752 0.752 0.752 
*** channel = 0.700 0.700 0.700 0.700 0.700 0.700 0.700 0.700 0.700 0.700 
*** Arrival type = Bernoulli, alpha = 0.760, rho = 0.990 
*** Time average deficit:
45.6 43.1 40.8 37.5 39.5 35.2 38.3 39.3 37.9 37.9 
*** Mean max deficit:
151.7 156.8 136.6 122.5 138.9 121.1 127.1 129.9 133.2 135.8 
************************************************************
*** Date Time: 22-Oct-2017 10:41:03
*** Case ID: 3
*** N links = 10, deadline = 2 ms, N runs = 20, N frames = 50000
*** Policy = LDF, N_swap = 1 
*** qn = 0.752 0.752 0.752 0.752 0.752 0.752 0.752 0.752 0.752 0.752 
*** channel = 0.700 0.700 0.700 0.700 0.700 0.700 0.700 0.700 0.700 0.700 
*** Arrival type = Bernoulli, alpha = 0.760, rho = 0.990 
*** Time average deficit:
0.9 0.7 1.3 0.6 0.9 1.3 1.5 0.6 1.0 1.1 
*** Mean max deficit:
19.4 18.7 17.4 13.7 20.6 20.4 21.5 17.4 17.0 21.9 
************************************************************
*** Date Time: 22-Oct-2017 10:46:36
*** Case ID: 3
*** N links = 10, deadline = 2 ms, N runs = 20, N frames = 50000
*** Policy = decentralized, N_swap = 1 
*** qn = 0.733 0.733 0.733 0.733 0.733 0.733 0.733 0.733 0.733 0.733 
*** channel = 0.700 0.700 0.700 0.700 0.700 0.700 0.700 0.700 0.700 0.700 
*** Arrival type = Bernoulli, alpha = 0.740, rho = 0.990 
