
************************************************************
*** Date Time: 22-Oct-2017 02:56:45
*** Case ID: 3
*** N links = 10, deadline = 2 ms, N runs = 20, N frames = 50000
*** Policy = Fast-CSMA, N_swap = 1 
*** qn = 0.050 0.050 0.050 0.050 0.050 0.050 0.050 0.050 0.050 0.050 
*** channel = 0.700 0.700 0.700 0.700 0.700 0.700 0.700 0.700 0.700 0.700 
*** Arrival type = Bernoulli, alpha = 0.050, rho = 0.990 
*** Time average deficit:
21.5 22.5 29.1 22.1 23.1 25.9 23.3 23.7 21.9 21.5 
*** Mean max deficit:
49.7 51.8 65.4 52.8 51.2 57.6 52.2 53.3 51.0 51.5 
************************************************************
*** Date Time: 22-Oct-2017 02:58:15
*** Case ID: 3
*** N links = 10, deadline = 2 ms, N runs = 20, N frames = 50000
*** Policy = Fast-CSMA, N_swap = 1 
*** qn = 0.099 0.099 0.099 0.099 0.099 0.099 0.099 0.099 0.099 0.099 
*** channel = 0.700 0.700 0.700 0.700 0.700 0.700 0.700 0.700 0.700 0.700 
*** Arrival type = Bernoulli, alpha = 0.100, rho = 0.990 
*** Time average deficit:
31.2 28.9 32.5 28.0 40.2 32.1 27.4 31.4 34.8 26.9 
*** Mean max deficit:
75.6 65.1 76.9 71.2 85.1 76.6 72.5 70.1 76.0 67.1 
************************************************************
*** Date Time: 22-Oct-2017 03:00:01
*** Case ID: 3
*** N links = 10, deadline = 2 ms, N runs = 20, N frames = 50000
*** Policy = Fast-CSMA, N_swap = 1 
*** qn = 0.148 0.148 0.148 0.148 0.148 0.148 0.148 0.148 0.148 0.148 
*** channel = 0.700 0.700 0.700 0.700 0.700 0.700 0.700 0.700 0.700 0.700 
*** Arrival type = Bernoulli, alpha = 0.150, rho = 0.990 
*** Time average deficit:
43.7 32.2 33.0 33.6 32.0 41.6 41.0 41.0 33.6 34.8 
*** Mean max deficit:
105.9 78.9 85.7 81.6 78.6 97.1 94.1 92.4 80.3 88.1 
************************************************************
*** Date Time: 22-Oct-2017 03:02:12
*** Case ID: 3
*** N links = 10, deadline = 2 ms, N runs = 20, N frames = 50000
*** Policy = Fast-CSMA, N_swap = 1 
*** qn = 0.198 0.198 0.198 0.198 0.198 0.198 0.198 0.198 0.198 0.198 
*** channel = 0.700 0.700 0.700 0.700 0.700 0.700 0.700 0.700 0.700 0.700 
*** Arrival type = Bernoulli, alpha = 0.200, rho = 0.990 
*** Time average deficit:
47.0 47.5 44.3 43.1 36.2 40.9 43.7 50.0 37.5 34.1 
*** Mean max deficit:
103.9 103.9 111.7 99.7 95.8 97.1 105.2 115.0 92.6 85.7 
************************************************************
*** Date Time: 22-Oct-2017 03:04:33
*** Case ID: 3
*** N links = 10, deadline = 2 ms, N runs = 20, N frames = 50000
*** Policy = Fast-CSMA, N_swap = 1 
*** qn = 0.247 0.247 0.247 0.247 0.247 0.247 0.247 0.247 0.247 0.247 
*** channel = 0.700 0.700 0.700 0.700 0.700 0.700 0.700 0.700 0.700 0.700 
*** Arrival type = Bernoulli, alpha = 0.250, rho = 0.990 
*** Time average deficit:
49.3 53.8 60.0 66.3 67.6 52.9 60.6 59.3 62.2 65.5 
*** Mean max deficit:
114.0 127.8 135.0 137.9 145.2 123.2 142.4 121.0 141.1 136.6 
************************************************************
*** Date Time: 22-Oct-2017 03:07:21
*** Case ID: 3
*** N links = 10, deadline = 2 ms, N runs = 20, N frames = 50000
*** Policy = Fast-CSMA, N_swap = 1 
*** qn = 0.297 0.297 0.297 0.297 0.297 0.297 0.297 0.297 0.297 0.297 
*** channel = 0.700 0.700 0.700 0.700 0.700 0.700 0.700 0.700 0.700 0.700 
*** Arrival type = Bernoulli, alpha = 0.300, rho = 0.990 
*** Time average deficit:
90.1 94.2 80.3 94.9 76.6 77.7 88.5 87.9 84.3 89.6 
*** Mean max deficit:
178.2 177.8 178.5 201.3 176.6 165.3 176.4 177.7 176.8 184.3 
************************************************************
*** Date Time: 22-Oct-2017 03:10:24
*** Case ID: 3
*** N links = 10, deadline = 2 ms, N runs = 20, N frames = 50000
*** Policy = Fast-CSMA, N_swap = 1 
*** qn = 0.346 0.346 0.346 0.346 0.346 0.346 0.346 0.346 0.346 0.346 
*** channel = 0.700 0.700 0.700 0.700 0.700 0.700 0.700 0.700 0.700 0.700 
*** Arrival type = Bernoulli, alpha = 0.350, rho = 0.990 
*** Time average deficit:
125.3 146.6 129.8 134.1 122.4 127.4 159.5 137.9 124.9 116.5 
*** Mean max deficit:
255.5 296.7 273.8 258.8 246.7 265.6 305.1 268.9 263.0 232.8 


************************************************************
*** Date Time: 22-Oct-2017 12:09:40
*** Case ID: 3
*** N links = 10, deadline = 2 ms, N runs = 1, N frames = 50000
*** Policy = Fast-CSMA, N_swap = 1 
*** qn = 0.050 0.050 0.050 0.050 0.050 0.050 0.050 0.050 0.050 0.050 
*** channel = 0.700 0.700 0.700 0.700 0.700 0.700 0.700 0.700 0.700 0.700 
*** Arrival type = Bernoulli, alpha = 0.050, rho = 0.990 
*** Time average deficit:
64.7 19.5 52.1 16.1 34.9 15.9 48.8 15.6 17.9 19.8 
*** Mean max deficit:
102.0 50.8 121.7 39.4 84.4 41.0 93.7 36.8 45.8 41.8 
************************************************************
*** Date Time: 22-Oct-2017 12:09:45
*** Case ID: 3
*** N links = 10, deadline = 2 ms, N runs = 1, N frames = 50000
*** Policy = Fast-CSMA, N_swap = 1 
*** qn = 0.099 0.099 0.099 0.099 0.099 0.099 0.099 0.099 0.099 0.099 
*** channel = 0.700 0.700 0.700 0.700 0.700 0.700 0.700 0.700 0.700 0.700 
*** Arrival type = Bernoulli, alpha = 0.100, rho = 0.990 
*** Time average deficit:
36.1 26.0 23.3 22.1 38.5 43.7 29.7 22.9 36.4 23.2 
*** Mean max deficit:
75.4 64.1 54.4 52.9 75.1 83.3 63.9 56.9 94.5 55.6 
************************************************************
*** Date Time: 22-Oct-2017 12:09:50
*** Case ID: 3
*** N links = 10, deadline = 2 ms, N runs = 1, N frames = 50000
*** Policy = Fast-CSMA, N_swap = 1 
*** qn = 0.148 0.148 0.148 0.148 0.148 0.148 0.148 0.148 0.148 0.148 
*** channel = 0.700 0.700 0.700 0.700 0.700 0.700 0.700 0.700 0.700 0.700 
*** Arrival type = Bernoulli, alpha = 0.150, rho = 0.990 
*** Time average deficit:
26.5 38.2 15.5 47.0 29.5 40.0 31.4 25.0 31.7 46.6 
*** Mean max deficit:
92.2 96.0 48.7 107.5 90.7 91.6 96.2 60.5 89.9 102.1 
************************************************************
*** Date Time: 22-Oct-2017 12:09:56
*** Case ID: 3
*** N links = 10, deadline = 2 ms, N runs = 1, N frames = 50000
*** Policy = Fast-CSMA, N_swap = 1 
*** qn = 0.198 0.198 0.198 0.198 0.198 0.198 0.198 0.198 0.198 0.198 
*** channel = 0.700 0.700 0.700 0.700 0.700 0.700 0.700 0.700 0.700 0.700 
*** Arrival type = Bernoulli, alpha = 0.200, rho = 0.990 
*** Time average deficit:
35.4 28.0 24.4 77.0 76.0 38.3 34.2 64.7 17.0 30.8 
*** Mean max deficit:
85.5 69.5 64.0 122.3 121.9 96.2 94.0 187.5 49.6 74.4 
************************************************************
*** Date Time: 22-Oct-2017 12:10:03
*** Case ID: 3
*** N links = 10, deadline = 2 ms, N runs = 1, N frames = 50000
*** Policy = Fast-CSMA, N_swap = 1 
*** qn = 0.247 0.247 0.247 0.247 0.247 0.247 0.247 0.247 0.247 0.247 
*** channel = 0.700 0.700 0.700 0.700 0.700 0.700 0.700 0.700 0.700 0.700 
*** Arrival type = Bernoulli, alpha = 0.250, rho = 0.990 
*** Time average deficit:
24.0 98.3 35.5 56.8 101.2 34.3 39.0 59.9 77.2 44.5 
*** Mean max deficit:
63.9 198.6 95.7 152.5 177.0 94.9 93.1 113.2 146.6 88.7 
************************************************************
*** Date Time: 22-Oct-2017 12:10:11
*** Case ID: 3
*** N links = 10, deadline = 2 ms, N runs = 1, N frames = 50000
*** Policy = Fast-CSMA, N_swap = 1 
*** qn = 0.297 0.297 0.297 0.297 0.297 0.297 0.297 0.297 0.297 0.297 
*** channel = 0.700 0.700 0.700 0.700 0.700 0.700 0.700 0.700 0.700 0.700 
*** Arrival type = Bernoulli, alpha = 0.300, rho = 0.990 
*** Time average deficit:
150.8 61.4 47.4 63.0 113.4 38.5 107.4 60.2 121.0 30.4 
*** Mean max deficit:
251.7 190.3 104.2 118.5 217.8 109.7 242.9 116.6 179.2 77.5 
************************************************************
*** Date Time: 22-Oct-2017 12:10:22
*** Case ID: 3
*** N links = 10, deadline = 2 ms, N runs = 1, N frames = 50000
*** Policy = Fast-CSMA, N_swap = 1 
*** qn = 0.346 0.346 0.346 0.346 0.346 0.346 0.346 0.346 0.346 0.346 
*** channel = 0.700 0.700 0.700 0.700 0.700 0.700 0.700 0.700 0.700 0.700 
*** Arrival type = Bernoulli, alpha = 0.350, rho = 0.990 
*** Time average deficit:
198.7 46.4 64.2 126.5 159.7 157.6 126.9 76.8 146.6 83.8 
*** Mean max deficit:
448.9 98.5 151.4 231.7 310.5 370.7 218.8 142.4 353.0 199.5 
************************************************************
*** Date Time: 22-Oct-2017 12:10:32
*** Case ID: 3
*** N links = 10, deadline = 2 ms, N runs = 1, N frames = 50000
*** Policy = Fast-CSMA, N_swap = 1 
*** qn = 0.396 0.396 0.396 0.396 0.396 0.396 0.396 0.396 0.396 0.396 
*** channel = 0.700 0.700 0.700 0.700 0.700 0.700 0.700 0.700 0.700 0.700 
*** Arrival type = Bernoulli, alpha = 0.400, rho = 0.990 
*** Time average deficit:
198.0 182.0 153.6 170.0 248.7 300.3 233.3 192.2 298.4 233.0 
*** Mean max deficit:
368.1 443.9 343.4 400.5 504.0 556.7 482.9 344.8 572.0 429.9 
************************************************************
*** Date Time: 22-Oct-2017 14:40:23
*** Case ID: 3
*** N links = 10, deadline = 2 ms, N runs = 1, N frames = 50000
*** Policy = Fast-CSMA, N_swap = 1 
*** qn = 0.050 0.050 0.050 0.050 0.050 0.050 0.050 0.050 0.050 0.050 
*** channel = 0.700 0.700 0.700 0.700 0.700 0.700 0.700 0.700 0.700 0.700 
*** Arrival type = Bernoulli, alpha = 0.050, rho = 0.990 
*** Time average deficit:
15.9 16.7 30.2 28.9 18.7 19.9 44.0 76.1 18.0 13.2 
*** Mean max deficit:
41.4 36.8 62.0 59.4 42.8 77.9 98.5 129.6 47.2 40.4 
************************************************************
*** Date Time: 22-Oct-2017 14:43:19
*** Case ID: 3
*** N links = 10, deadline = 2 ms, N runs = 1, N frames = 50000
*** Policy = Fast-CSMA, N_swap = 1 
*** qn = 0.317 0.317 0.317 0.317 0.317 0.317 0.317 0.317 0.317 0.317 
*** channel = 0.700 0.700 0.700 0.700 0.700 0.700 0.700 0.700 0.700 0.700 
*** Arrival type = Bernoulli, alpha = 0.320, rho = 0.990 
*** Time average deficit:
73.4 36.4 187.9 97.6 153.4 106.3 119.8 52.9 73.6 27.3 
*** Mean max deficit:
142.2 97.0 351.3 201.1 401.5 288.9 208.2 118.7 131.3 67.1 
************************************************************
*** Date Time: 22-Oct-2017 14:43:32
*** Case ID: 3
*** N links = 10, deadline = 2 ms, N runs = 1, N frames = 50000
*** Policy = Fast-CSMA, N_swap = 1 
*** qn = 0.366 0.366 0.366 0.366 0.366 0.366 0.366 0.366 0.366 0.366 
*** channel = 0.700 0.700 0.700 0.700 0.700 0.700 0.700 0.700 0.700 0.700 
*** Arrival type = Bernoulli, alpha = 0.370, rho = 0.990 
*** Time average deficit:
177.7 143.2 150.0 238.0 223.4 134.2 150.6 90.5 175.4 156.3 
*** Mean max deficit:
374.9 336.2 278.0 477.2 415.4 226.4 366.2 258.9 414.5 243.7 
************************************************************
*** Date Time: 22-Oct-2017 14:45:26
*** Case ID: 3
*** N links = 10, deadline = 2 ms, N runs = 1, N frames = 50000
*** Policy = Fast-CSMA, N_swap = 1 
*** qn = 0.317 0.317 0.317 0.317 0.317 0.317 0.317 0.317 0.317 0.317 
*** channel = 0.700 0.700 0.700 0.700 0.700 0.700 0.700 0.700 0.700 0.700 
*** Arrival type = Bernoulli, alpha = 0.320, rho = 0.990 

************************************************************
*** Date Time: 22-Oct-2017 15:46:20
*** Case ID: 3
*** N links = 10, deadline = 2 ms, N runs = 1, N frames = 50000
*** Policy = Fast-CSMA, N_swap = 1 
*** qn = 0.390 0.390 0.390 0.390 0.390 0.390 0.390 0.390 0.390 0.390 
*** channel = 0.700 0.700 0.700 0.700 0.700 0.700 0.700 0.700 0.700 0.700 
*** Arrival type = Bernoulli, alpha = 0.780, rho = 0.500 
*** Time average deficit:
4.8 4.9 4.9 4.9 4.9 4.9 4.9 4.9 4.9 4.9 
*** Mean max deficit:
8.6 8.7 8.1 8.2 8.3 8.0 8.2 9.4 8.1 8.1 
************************************************************
*** Date Time: 22-Oct-2017 15:46:57
*** Case ID: 3
*** N links = 10, deadline = 2 ms, N runs = 1, N frames = 50000
*** Policy = Fast-CSMA, N_swap = 1 
*** qn = 0.468 0.468 0.468 0.468 0.468 0.468 0.468 0.468 0.468 0.468 
*** channel = 0.700 0.700 0.700 0.700 0.700 0.700 0.700 0.700 0.700 0.700 
*** Arrival type = Bernoulli, alpha = 0.780, rho = 0.600 
*** Time average deficit:
5.4 5.4 5.4 5.4 5.4 5.4 5.4 5.4 5.4 5.4 
*** Mean max deficit:
9.2 10.7 9.8 10.2 9.3 9.2 10.5 9.8 8.9 9.1 
************************************************************
*** Date Time: 22-Oct-2017 15:47:21
*** Case ID: 3
*** N links = 10, deadline = 2 ms, N runs = 1, N frames = 50000
*** Policy = Fast-CSMA, N_swap = 1 
*** qn = 0.546 0.546 0.546 0.546 0.546 0.546 0.546 0.546 0.546 0.546 
*** channel = 0.700 0.700 0.700 0.700 0.700 0.700 0.700 0.700 0.700 0.700 
*** Arrival type = Bernoulli, alpha = 0.780, rho = 0.700 
*** Time average deficit:
6.0 6.0 6.0 6.0 6.0 6.0 6.0 6.0 6.0 6.0 
*** Mean max deficit:
11.4 12.2 13.0 12.5 11.4 12.4 10.8 11.6 12.9 11.9 
************************************************************
*** Date Time: 22-Oct-2017 15:47:48
*** Case ID: 3
*** N links = 10, deadline = 2 ms, N runs = 1, N frames = 50000
*** Policy = Fast-CSMA, N_swap = 1 
*** qn = 0.624 0.624 0.624 0.624 0.624 0.624 0.624 0.624 0.624 0.624 
*** channel = 0.700 0.700 0.700 0.700 0.700 0.700 0.700 0.700 0.700 0.700 
*** Arrival type = Bernoulli, alpha = 0.780, rho = 0.800 
*** Time average deficit:
7.3 7.3 7.4 7.2 7.2 7.2 7.3 7.2 7.2 7.2 
*** Mean max deficit:
17.9 18.0 23.3 16.5 18.5 18.2 21.6 17.4 16.2 20.4 
************************************************************
*** Date Time: 22-Oct-2017 15:48:15
*** Case ID: 3
*** N links = 10, deadline = 2 ms, N runs = 1, N frames = 50000
*** Policy = Fast-CSMA, N_swap = 1 
*** qn = 0.663 0.663 0.663 0.663 0.663 0.663 0.663 0.663 0.663 0.663 
*** channel = 0.700 0.700 0.700 0.700 0.700 0.700 0.700 0.700 0.700 0.700 
*** Arrival type = Bernoulli, alpha = 0.780, rho = 0.850 
*** Time average deficit:
34.8 16.5 13.0 26.3 15.7 17.7 19.4 18.1 17.8 18.9 
*** Mean max deficit:
138.2 45.2 36.6 78.7 50.8 65.7 71.4 55.1 61.9 59.2 
************************************************************
*** Date Time: 22-Oct-2017 15:48:48
*** Case ID: 3
*** N links = 10, deadline = 2 ms, N runs = 1, N frames = 50000
*** Policy = Fast-CSMA, N_swap = 1 
*** qn = 0.686 0.686 0.686 0.686 0.686 0.686 0.686 0.686 0.686 0.686 
*** channel = 0.700 0.700 0.700 0.700 0.700 0.700 0.700 0.700 0.700 0.700 
*** Arrival type = Bernoulli, alpha = 0.780, rho = 0.880 
*** Time average deficit:
507.6 402.7 502.2 565.3 467.9 417.3 534.1 496.3 543.3 474.2 
*** Mean max deficit:
1023.7 924.1 956.8 1120.0 880.3 819.6 1062.3 953.0 1000.0 960.5 
************************************************************
*** Date Time: 22-Oct-2017 15:49:17
*** Case ID: 3
*** N links = 10, deadline = 2 ms, N runs = 1, N frames = 50000
*** Policy = Fast-CSMA, N_swap = 1 
*** qn = 0.671 0.671 0.671 0.671 0.671 0.671 0.671 0.671 0.671 0.671 
*** channel = 0.700 0.700 0.700 0.700 0.700 0.700 0.700 0.700 0.700 0.700 
*** Arrival type = Bernoulli, alpha = 0.780, rho = 0.860 
*** Time average deficit:
71.1 37.8 71.8 83.1 118.1 56.0 83.5 84.4 141.0 95.5 
*** Mean max deficit:
120.4 83.4 172.1 163.0 183.7 131.3 191.9 212.0 326.8 253.1 
************************************************************
*** Date Time: 22-Oct-2017 15:51:14
*** Case ID: 3
*** N links = 10, deadline = 2 ms, N runs = 1, N frames = 50000
*** Policy = Fast-CSMA, N_swap = 1 
*** qn = 6.139 
*** channel = 0.700 0.700 0.700 0.700 0.700 0.700 0.700 0.700 0.700 0.700 
*** Arrival type = Bernoulli, alpha = 0.780, rho = 0.860 
*** Arrival type = 8.500000e-01, alpha = 0.840, rho = 0.820 
*** Arrival type = 8.000000e-01, alpha = 0.780, rho = 0.760 
*** Arrival type = 7.400000e-01, alpha = 0.720, rho = 0.700 
*** Time average deficit:
136712.5 136820.3 136673.1 136822.3 136739.4 136804.5 136771.9 136771.0 136685.8 136744.1 
*** Mean max deficit:
273534.0 273575.0 273356.0 273730.0 273540.0 273607.0 273508.0 273558.0 273310.0 273509.0 


************************************************************
*** Date Time: 22-Oct-2017 15:52:17
*** Case ID: 3
*** N links = 10, deadline = 2 ms, N runs = 1, N frames = 50000
*** Policy = Fast-CSMA, N_swap = 1 
*** qn = 0.671 0.671 0.671 0.671 0.671 0.671 0.671 0.671 0.671 0.671 
*** channel = 0.700 0.700 0.700 0.700 0.700 0.700 0.700 0.700 0.700 0.700 
*** Arrival type = Bernoulli, alpha = 0.780, rho = 0.860 
*** Time average deficit:
81.6 108.9 64.9 186.3 122.9 155.5 89.4 66.1 61.8 48.8 
*** Mean max deficit:
174.9 206.4 128.0 287.2 285.1 233.3 183.3 126.8 115.6 125.5 
************************************************************
*** Date Time: 22-Oct-2017 15:52:37
*** Case ID: 3
*** N links = 10, deadline = 2 ms, N runs = 1, N frames = 50000
*** Policy = Fast-CSMA, N_swap = 1 
*** qn = 0.663 0.663 0.663 0.663 0.663 0.663 0.663 0.663 0.663 0.663 
*** channel = 0.700 0.700 0.700 0.700 0.700 0.700 0.700 0.700 0.700 0.700 
*** Arrival type = Bernoulli, alpha = 0.780, rho = 0.850 
*** Time average deficit:
19.2 14.3 16.4 13.9 14.3 20.8 18.1 17.8 15.1 16.2 
*** Mean max deficit:
62.4 41.8 54.8 42.0 41.6 65.3 65.8 61.4 40.6 53.4 
************************************************************
*** Date Time: 22-Oct-2017 15:52:57
*** Case ID: 3
*** N links = 10, deadline = 2 ms, N runs = 1, N frames = 50000
*** Policy = Fast-CSMA, N_swap = 1 
*** qn = 0.655 0.655 0.655 0.655 0.655 0.655 0.655 0.655 0.655 0.655 
*** channel = 0.700 0.700 0.700 0.700 0.700 0.700 0.700 0.700 0.700 0.700 
*** Arrival type = Bernoulli, alpha = 0.780, rho = 0.840 
*** Time average deficit:
11.2 11.6 11.8 10.9 11.6 10.2 11.5 10.9 11.1 10.4 
*** Mean max deficit:
32.5 40.4 37.8 40.6 39.0 33.8 37.6 33.0 38.2 27.7 
************************************************************
*** Date Time: 22-Oct-2017 15:53:19
*** Case ID: 3
*** N links = 10, deadline = 2 ms, N runs = 1, N frames = 50000
*** Policy = Fast-CSMA, N_swap = 1 
*** qn = 0.640 0.640 0.640 0.640 0.640 0.640 0.640 0.640 0.640 0.640 
*** channel = 0.700 0.700 0.700 0.700 0.700 0.700 0.700 0.700 0.700 0.700 
*** Arrival type = Bernoulli, alpha = 0.780, rho = 0.820 
*** Time average deficit:
8.3 8.1 8.1 8.0 7.8 8.2 8.2 8.2 8.1 8.0 
*** Mean max deficit:
29.4 19.8 20.2 22.7 19.3 24.9 23.0 24.9 21.2 20.2 
************************************************************
*** Date Time: 22-Oct-2017 15:53:40
*** Case ID: 3
*** N links = 10, deadline = 2 ms, N runs = 1, N frames = 50000
*** Policy = Fast-CSMA, N_swap = 1 
*** qn = 0.624 0.624 0.624 0.624 0.624 0.624 0.624 0.624 0.624 0.624 
*** channel = 0.700 0.700 0.700 0.700 0.700 0.700 0.700 0.700 0.700 0.700 
*** Arrival type = Bernoulli, alpha = 0.780, rho = 0.800 
*** Time average deficit:
7.2 7.2 7.2 7.2 7.2 7.3 7.2 7.2 7.2 7.2 
*** Mean max deficit:
14.8 17.8 16.4 17.1 16.1 20.3 16.4 17.3 18.8 24.1 
************************************************************
*** Date Time: 22-Oct-2017 15:54:01
*** Case ID: 3
*** N links = 10, deadline = 2 ms, N runs = 1, N frames = 50000
*** Policy = Fast-CSMA, N_swap = 1 
*** qn = 0.608 0.608 0.608 0.608 0.608 0.608 0.608 0.608 0.608 0.608 
*** channel = 0.700 0.700 0.700 0.700 0.700 0.700 0.700 0.700 0.700 0.700 
*** Arrival type = Bernoulli, alpha = 0.780, rho = 0.780 
*** Time average deficit:
6.8 6.8 6.8 6.9 6.9 6.8 6.8 6.9 6.8 6.9 
*** Mean max deficit:
17.9 14.4 15.2 16.6 15.7 14.3 15.7 17.2 15.8 17.5 
************************************************************
*** Date Time: 22-Oct-2017 15:54:21
*** Case ID: 3
*** N links = 10, deadline = 2 ms, N runs = 1, N frames = 50000
*** Policy = Fast-CSMA, N_swap = 1 
*** qn = 0.593 0.593 0.593 0.593 0.593 0.593 0.593 0.593 0.593 0.593 
*** channel = 0.700 0.700 0.700 0.700 0.700 0.700 0.700 0.700 0.700 0.700 
*** Arrival type = Bernoulli, alpha = 0.780, rho = 0.760 
*** Time average deficit:
6.6 6.5 6.6 6.6 6.6 6.6 6.6 6.5 6.5 6.5 
*** Mean max deficit:
18.7 13.2 14.4 16.4 13.7 12.9 13.6 13.6 14.2 17.9 
************************************************************
*** Date Time: 22-Oct-2017 15:54:39
*** Case ID: 3
*** N links = 10, deadline = 2 ms, N runs = 1, N frames = 50000
*** Policy = Fast-CSMA, N_swap = 1 
*** qn = 0.577 0.577 0.577 0.577 0.577 0.577 0.577 0.577 0.577 0.577 
*** channel = 0.700 0.700 0.700 0.700 0.700 0.700 0.700 0.700 0.700 0.700 
*** Arrival type = Bernoulli, alpha = 0.780, rho = 0.740 
*** Time average deficit:
6.3 6.3 6.3 6.4 6.4 6.3 6.3 6.3 6.3 6.4 
*** Mean max deficit:
12.7 15.2 12.0 12.9 13.9 12.4 13.4 12.8 13.7 13.4 
************************************************************
*** Date Time: 22-Oct-2017 15:54:56
*** Case ID: 3
*** N links = 10, deadline = 2 ms, N runs = 1, N frames = 50000
*** Policy = Fast-CSMA, N_swap = 1 
*** qn = 0.562 0.562 0.562 0.562 0.562 0.562 0.562 0.562 0.562 0.562 
*** channel = 0.700 0.700 0.700 0.700 0.700 0.700 0.700 0.700 0.700 0.700 
*** Arrival type = Bernoulli, alpha = 0.780, rho = 0.720 
*** Time average deficit:
6.1 6.1 6.2 6.2 6.2 6.1 6.2 6.2 6.1 6.2 
*** Mean max deficit:
12.6 11.1 11.4 11.6 13.7 11.2 12.2 11.4 11.0 12.1 
************************************************************
*** Date Time: 22-Oct-2017 15:55:12
*** Case ID: 3
*** N links = 10, deadline = 2 ms, N runs = 1, N frames = 50000
*** Policy = Fast-CSMA, N_swap = 1 
*** qn = 0.546 0.546 0.546 0.546 0.546 0.546 0.546 0.546 0.546 0.546 
*** channel = 0.700 0.700 0.700 0.700 0.700 0.700 0.700 0.700 0.700 0.700 
*** Arrival type = Bernoulli, alpha = 0.780, rho = 0.700 
*** Time average deficit:
6.0 6.0 6.0 6.0 6.0 6.0 6.0 6.0 6.0 6.0 
*** Mean max deficit:
11.6 10.6 10.8 11.4 11.3 10.6 12.2 11.1 11.8 11.0 
************************************************************
*** Date Time: 22-Oct-2017 17:21:41
*** Case ID: 3
*** N links = 10, deadline = 2 ms, N runs = 1, N frames = 50000
*** Policy = Fast-CSMA, N_swap = 1 
*** qn = 0.675 0.675 0.675 0.675 0.675 0.675 0.675 0.675 0.675 0.675 
*** channel = 0.700 0.700 0.700 0.700 0.700 0.700 0.700 0.700 0.700 0.700 
*** Arrival type = Bernoulli, alpha = 0.780, rho = 0.865 
*** Time average deficit:
110.3 162.2 244.1 130.4 170.5 214.3 185.7 181.4 184.8 254.9 
*** Mean max deficit:
251.2 327.1 451.3 313.5 414.0 406.6 415.2 394.8 366.1 513.4 
************************************************************
*** Date Time: 22-Oct-2017 17:38:52
*** Case ID: 3
*** N links = 10, deadline = 2 ms, N runs = 1, N frames = 50000
*** Policy = Fast-CSMA, N_swap = 1 
*** qn = 0.647 0.647 0.647 0.647 0.647 0.647 0.647 0.647 0.647 0.647 
*** channel = 0.700 0.700 0.700 0.700 0.700 0.700 0.700 0.700 0.700 0.700 
*** Arrival type = Bernoulli, alpha = 0.780, rho = 0.830 
*** Time average deficit:
8.9 8.5 8.5 8.5 8.6 9.2 9.2 8.8 9.5 8.8 
*** Mean max deficit:
30.7 25.1 23.5 20.5 26.2 33.9 36.2 23.0 30.6 23.5 
************************************************************
*** Date Time: 22-Oct-2017 17:39:11
*** Case ID: 3
*** N links = 10, deadline = 2 ms, N runs = 1, N frames = 50000
*** Policy = Fast-CSMA, N_swap = 1 
*** qn = 0.632 0.632 0.632 0.632 0.632 0.632 0.632 0.632 0.632 0.632 
*** channel = 0.700 0.700 0.700 0.700 0.700 0.700 0.700 0.700 0.700 0.700 
*** Arrival type = Bernoulli, alpha = 0.780, rho = 0.810 
*** Time average deficit:
7.6 7.6 7.6 7.6 7.6 7.7 7.7 7.5 7.5 7.6 
*** Mean max deficit:
19.2 21.3 22.9 20.9 16.7 20.5 20.3 18.3 17.7 18.7 