
************************************************************
*** Date Time: 22-Oct-2017 18:52:40
*** Case ID: 1
*** N links = 20, deadline = 20 ms, N runs = 1, N frames = 10000
*** Policy = decentralized, N_swap = 1 
*** qn = 1.890 1.890 1.890 1.890 1.890 1.890 1.890 1.890 1.890 1.890 1.890 1.890 1.890 1.890 1.890 1.890 1.890 1.890 1.890 1.890 
*** channel = 0.700 0.700 0.700 0.700 0.700 0.700 0.700 0.700 0.700 0.700 0.700 0.700 0.700 0.700 0.700 0.700 0.700 0.700 0.700 0.700 
*** Arrival type = Uniform-only-above-zero, delivery ratio = 0.900, lambda = 0.600, max arrival = 6

************************************************************
*** Date Time: 22-Oct-2017 18:55:35
*** Case ID: 2
*** N links = 20, deadline = 20 ms, N runs = 1, N frames = 10000
*** Policy = decentralized, N_swap = 1 
*** qn = 1.890 1.890 1.890 1.890 1.890 1.890 1.890 1.890 1.890 1.890 0.945 0.945 0.945 0.945 0.945 0.945 0.945 0.945 0.945 0.945 
*** channel = 0.900 0.900 0.900 0.900 0.900 0.900 0.900 0.900 0.900 0.900 0.500 0.500 0.500 0.500 0.500 0.500 0.500 0.500 0.500 0.500 
*** Arrival type = Uniform-only-above-zero, delivery ratio = 0.900, lambda = 0.600, max arrival = 6
*** Time average deficit:
0.1 0.1 0.3 0.1 0.7 0.2 1.5 0.1 0.0 0.2 2.7 0.0 0.1 1.3 0.5 0.6 0.6 1.6 0.8 2.8 
*** Mean max deficit:
22.3 16.7 34.3 15.0 45.5 19.3 49.7 19.9 6.5 22.9 55.2 1.8 13.3 48.8 42.7 33.3 31.6 35.8 41.9 60.0 
************************************************************
*** Date Time: 22-Oct-2017 18:55:47
*** Case ID: 2
*** N links = 20, deadline = 20 ms, N runs = 1, N frames = 10000
*** Policy = LDF, N_swap = 1 
*** qn = 1.890 1.890 1.890 1.890 1.890 1.890 1.890 1.890 1.890 1.890 0.945 0.945 0.945 0.945 0.945 0.945 0.945 0.945 0.945 0.945 
*** channel = 0.900 0.900 0.900 0.900 0.900 0.900 0.900 0.900 0.900 0.900 0.500 0.500 0.500 0.500 0.500 0.500 0.500 0.500 0.500 0.500 
*** Arrival type = Uniform-only-above-zero, delivery ratio = 0.900, lambda = 0.600, max arrival = 6
*** Time average deficit:
0.2 0.4 0.0 0.0 0.0 0.0 0.1 0.0 0.0 0.1 0.0 0.0 0.0 0.4 0.0 0.0 0.2 0.1 0.0 0.2 
*** Mean max deficit:
25.9 31.8 17.4 9.8 0.9 8.0 16.6 8.3 6.1 23.7 9.0 5.3 0.9 37.6 15.4 17.0 16.2 18.8 12.9 23.4 
************************************************************
*** Date Time: 22-Oct-2017 18:56:53
*** Case ID: 2
*** N links = 20, deadline = 20 ms, N runs = 1, N frames = 50000
*** Policy = decentralized, N_swap = 1 
*** qn = 1.890 1.890 1.890 1.890 1.890 1.890 1.890 1.890 1.890 1.890 0.945 0.945 0.945 0.945 0.945 0.945 0.945 0.945 0.945 0.945 
*** channel = 0.900 0.900 0.900 0.900 0.900 0.900 0.900 0.900 0.900 0.900 0.500 0.500 0.500 0.500 0.500 0.500 0.500 0.500 0.500 0.500 
*** Arrival type = Uniform-only-above-zero, delivery ratio = 0.900, lambda = 0.600, max arrival = 6
*** Time average deficit:
0.0 0.0 0.1 0.0 0.0 0.0 0.1 0.0 0.0 0.0 0.1 0.1 0.5 0.0 0.0 0.2 0.0 0.1 0.1 0.0 
*** Mean max deficit:
17.4 38.1 29.5 21.1 28.0 1.9 40.3 6.8 20.2 14.3 29.2 33.7 46.1 5.6 7.4 38.9 0.0 29.9 30.3 8.1 
************************************************************
*** Date Time: 22-Oct-2017 18:57:50
*** Case ID: 2
*** N links = 20, deadline = 20 ms, N runs = 1, N frames = 50000
*** Policy = LDF, N_swap = 1 
*** qn = 1.890 1.890 1.890 1.890 1.890 1.890 1.890 1.890 1.890 1.890 0.945 0.945 0.945 0.945 0.945 0.945 0.945 0.945 0.945 0.945 
*** channel = 0.900 0.900 0.900 0.900 0.900 0.900 0.900 0.900 0.900 0.900 0.500 0.500 0.500 0.500 0.500 0.500 0.500 0.500 0.500 0.500 
*** Arrival type = Uniform-only-above-zero, delivery ratio = 0.900, lambda = 0.600, max arrival = 6
*** Time average deficit:
0.0 0.0 0.0 0.0 0.0 0.0 0.0 0.0 0.0 0.0 0.1 0.1 0.0 0.1 0.0 0.0 0.0 0.0 0.0 0.2 
*** Mean max deficit:
6.0 13.9 4.8 14.5 0.0 0.0 11.0 6.0 4.5 16.2 45.1 29.5 11.4 19.9 6.2 9.8 10.1 12.1 2.1 40.9 
************************************************************
*** Date Time: 22-Oct-2017 19:00:30
*** Case ID: 2
*** N links = 20, deadline = 20 ms, N runs = 1, N frames = 10000
*** Policy = decentralized, N_swap = 1 
*** qn = 2.047 2.047 2.047 2.047 2.047 2.047 2.047 2.047 2.047 2.047 1.024 1.024 1.024 1.024 1.024 1.024 1.024 1.024 1.024 1.024 
*** channel = 0.900 0.900 0.900 0.900 0.900 0.900 0.900 0.900 0.900 0.900 0.500 0.500 0.500 0.500 0.500 0.500 0.500 0.500 0.500 0.500 
*** Arrival type = Uniform-only-above-zero, delivery ratio = 0.900, lambda = 0.650, max arrival = 6
*** Time average deficit:
0.4 0.0 0.9 4.0 0.5 1.1 0.0 0.6 0.7 8.3 4.5 0.9 0.3 0.7 0.3 0.3 1.1 1.7 0.7 0.3 
*** Mean max deficit:
27.4 11.1 44.0 102.2 21.8 49.9 8.9 34.1 55.0 149.1 93.4 35.1 19.4 31.7 21.6 26.1 39.3 48.0 49.5 22.9 
************************************************************
*** Date Time: 22-Oct-2017 19:00:42
*** Case ID: 2
*** N links = 20, deadline = 20 ms, N runs = 1, N frames = 10000
*** Policy = LDF, N_swap = 1 
*** qn = 2.047 2.047 2.047 2.047 2.047 2.047 2.047 2.047 2.047 2.047 1.024 1.024 1.024 1.024 1.024 1.024 1.024 1.024 1.024 1.024 
*** channel = 0.900 0.900 0.900 0.900 0.900 0.900 0.900 0.900 0.900 0.900 0.500 0.500 0.500 0.500 0.500 0.500 0.500 0.500 0.500 0.500 
*** Arrival type = Uniform-only-above-zero, delivery ratio = 0.900, lambda = 0.650, max arrival = 6
*** Time average deficit:
0.0 0.3 0.0 0.0 0.2 0.2 0.0 0.0 0.0 0.0 0.1 0.3 0.1 0.7 0.0 0.0 0.7 0.1 0.1 0.0 
*** Mean max deficit:
1.7 35.8 6.8 7.9 23.5 21.9 19.3 7.5 4.8 10.3 10.7 33.4 25.5 49.5 11.3 6.6 36.1 13.4 13.9 6.5 
************************************************************
*** Date Time: 22-Oct-2017 19:01:49
*** Case ID: 2
*** N links = 20, deadline = 20 ms, N runs = 1, N frames = 10000
*** Policy = decentralized, N_swap = 1 
*** qn = 2.205 2.205 2.205 2.205 2.205 2.205 2.205 2.205 2.205 2.205 1.102 1.102 1.102 1.102 1.102 1.102 1.102 1.102 1.102 1.102 
*** channel = 0.900 0.900 0.900 0.900 0.900 0.900 0.900 0.900 0.900 0.900 0.500 0.500 0.500 0.500 0.500 0.500 0.500 0.500 0.500 0.500 
*** Arrival type = Uniform-only-above-zero, delivery ratio = 0.900, lambda = 0.700, max arrival = 6
*** Time average deficit:
1.1 1.5 0.8 1.6 2.2 1.3 1.8 1.0 1.9 0.8 1.8 0.9 1.0 0.8 2.1 0.8 2.5 1.9 16.4 2.3 
*** Mean max deficit:
57.8 47.7 41.5 51.0 68.0 52.2 52.1 56.5 60.0 51.8 64.2 32.8 42.7 48.4 59.7 28.9 101.7 53.7 158.3 43.7 
************************************************************
*** Date Time: 22-Oct-2017 19:02:02
*** Case ID: 2
*** N links = 20, deadline = 20 ms, N runs = 1, N frames = 10000
*** Policy = LDF, N_swap = 1 
*** qn = 2.205 2.205 2.205 2.205 2.205 2.205 2.205 2.205 2.205 2.205 1.102 1.102 1.102 1.102 1.102 1.102 1.102 1.102 1.102 1.102 
*** channel = 0.900 0.900 0.900 0.900 0.900 0.900 0.900 0.900 0.900 0.900 0.500 0.500 0.500 0.500 0.500 0.500 0.500 0.500 0.500 0.500 
*** Arrival type = Uniform-only-above-zero, delivery ratio = 0.900, lambda = 0.700, max arrival = 6
*** Time average deficit:
0.0 0.0 0.0 0.1 0.0 0.0 0.0 0.0 0.0 0.0 0.1 0.2 0.0 0.0 0.3 0.1 0.0 0.0 0.0 0.1 
*** Mean max deficit:
5.8 2.2 4.0 26.0 4.9 9.9 8.2 4.4 5.6 5.5 25.6 14.0 9.8 9.3 27.8 12.5 4.2 11.9 6.3 13.8 
************************************************************
*** Date Time: 22-Oct-2017 19:03:01
*** Case ID: 2
*** N links = 20, deadline = 20 ms, N runs = 1, N frames = 10000
*** Policy = decentralized, N_swap = 1 
*** qn = 2.205 2.205 2.205 2.205 2.205 2.205 2.205 2.205 2.205 2.205 1.102 1.102 1.102 1.102 1.102 1.102 1.102 1.102 1.102 1.102 
*** channel = 0.800 0.800 0.800 0.800 0.800 0.800 0.800 0.800 0.800 0.800 0.500 0.500 0.500 0.500 0.500 0.500 0.500 0.500 0.500 0.500 
*** Arrival type = Uniform-only-above-zero, delivery ratio = 0.900, lambda = 0.700, max arrival = 6
*** Time average deficit:
13.7 5.3 5.2 14.3 2.8 6.5 9.7 5.2 7.4 4.7 9.0 3.5 3.3 9.1 6.9 2.0 7.2 9.5 12.6 6.2 
*** Mean max deficit:
140.5 103.7 80.0 161.7 93.2 108.0 144.7 139.2 86.9 112.6 108.1 60.6 55.9 98.0 120.1 41.8 94.2 94.6 122.6 86.0 
************************************************************
*** Date Time: 22-Oct-2017 19:03:13
*** Case ID: 2
*** N links = 20, deadline = 20 ms, N runs = 1, N frames = 10000
*** Policy = LDF, N_swap = 1 
*** qn = 2.205 2.205 2.205 2.205 2.205 2.205 2.205 2.205 2.205 2.205 1.102 1.102 1.102 1.102 1.102 1.102 1.102 1.102 1.102 1.102 
*** channel = 0.800 0.800 0.800 0.800 0.800 0.800 0.800 0.800 0.800 0.800 0.500 0.500 0.500 0.500 0.500 0.500 0.500 0.500 0.500 0.500 
*** Arrival type = Uniform-only-above-zero, delivery ratio = 0.900, lambda = 0.700, max arrival = 6
*** Time average deficit:
0.1 0.0 0.0 0.4 0.0 0.0 0.0 0.2 0.1 0.1 0.1 0.0 0.1 0.0 0.0 0.4 0.0 0.0 0.0 0.0 
*** Mean max deficit:
17.5 1.6 14.4 42.3 6.7 19.0 6.9 25.0 19.1 25.2 15.1 3.8 18.6 7.9 4.5 37.2 11.9 14.5 9.6 10.2 
************************************************************
*** Date Time: 22-Oct-2017 19:04:00
*** Case ID: 2
*** N links = 20, deadline = 20 ms, N runs = 1, N frames = 10000
*** Policy = decentralized, N_swap = 1 
*** qn = 2.520 2.520 2.520 2.520 2.520 2.520 2.520 2.520 2.520 2.520 1.260 1.260 1.260 1.260 1.260 1.260 1.260 1.260 1.260 1.260 
*** channel = 0.800 0.800 0.800 0.800 0.800 0.800 0.800 0.800 0.800 0.800 0.500 0.500 0.500 0.500 0.500 0.500 0.500 0.500 0.500 0.500 
*** Arrival type = Uniform-only-above-zero, delivery ratio = 0.900, lambda = 0.800, max arrival = 6
*** Time average deficit:
270.4 283.9 397.4 207.9 205.1 865.6 465.0 235.9 137.1 148.6 169.4 351.1 408.1 142.2 250.9 86.2 416.7 686.9 190.6 367.6 
*** Mean max deficit:
899.4 1125.8 1143.0 1123.0 711.0 1758.6 1739.9 645.5 397.4 623.5 481.8 1351.2 1022.0 375.5 1489.9 278.0 950.9 1426.1 578.5 1004.0 
************************************************************
*** Date Time: 22-Oct-2017 19:04:13
*** Case ID: 2
*** N links = 20, deadline = 20 ms, N runs = 1, N frames = 10000
*** Policy = LDF, N_swap = 1 
*** qn = 2.520 2.520 2.520 2.520 2.520 2.520 2.520 2.520 2.520 2.520 1.260 1.260 1.260 1.260 1.260 1.260 1.260 1.260 1.260 1.260 
*** channel = 0.800 0.800 0.800 0.800 0.800 0.800 0.800 0.800 0.800 0.800 0.500 0.500 0.500 0.500 0.500 0.500 0.500 0.500 0.500 0.500 
*** Arrival type = Uniform-only-above-zero, delivery ratio = 0.900, lambda = 0.800, max arrival = 6
*** Time average deficit:
297.9 297.1 296.7 297.4 296.9 297.1 296.3 297.1 296.5 297.3 302.7 300.3 300.8 300.5 300.6 300.7 299.4 300.9 300.2 303.0 
*** Mean max deficit:
595.3 599.3 588.3 591.9 582.6 584.2 590.9 579.3 587.7 602.3 601.6 592.6 602.6 586.2 594.5 577.6 603.0 621.5 597.3 603.3 
************************************************************
*** Date Time: 22-Oct-2017 19:04:50
*** Case ID: 2
*** N links = 20, deadline = 20 ms, N runs = 1, N frames = 5000
*** Policy = decentralized, N_swap = 1 
*** qn = 2.362 2.362 2.362 2.362 2.362 2.362 2.362 2.362 2.362 2.362 1.181 1.181 1.181 1.181 1.181 1.181 1.181 1.181 1.181 1.181 
*** channel = 0.800 0.800 0.800 0.800 0.800 0.800 0.800 0.800 0.800 0.800 0.500 0.500 0.500 0.500 0.500 0.500 0.500 0.500 0.500 0.500 
*** Arrival type = Uniform-only-above-zero, delivery ratio = 0.900, lambda = 0.750, max arrival = 6
*** Time average deficit:
55.0 10.8 35.7 190.8 35.8 63.3 28.2 88.3 228.7 119.9 38.0 56.8 31.2 57.0 30.6 28.3 19.0 20.2 23.8 38.7 
*** Mean max deficit:
357.8 86.4 175.6 595.9 232.5 290.0 190.9 301.5 607.5 410.2 256.2 198.9 155.8 169.7 155.6 130.4 125.4 124.5 143.8 144.8 
************************************************************
*** Date Time: 22-Oct-2017 19:04:57
*** Case ID: 2
*** N links = 20, deadline = 20 ms, N runs = 1, N frames = 5000
*** Policy = LDF, N_swap = 1 
*** qn = 2.362 2.362 2.362 2.362 2.362 2.362 2.362 2.362 2.362 2.362 1.181 1.181 1.181 1.181 1.181 1.181 1.181 1.181 1.181 1.181 
*** channel = 0.800 0.800 0.800 0.800 0.800 0.800 0.800 0.800 0.800 0.800 0.500 0.500 0.500 0.500 0.500 0.500 0.500 0.500 0.500 0.500 
*** Arrival type = Uniform-only-above-zero, delivery ratio = 0.900, lambda = 0.750, max arrival = 6
*** Time average deficit:
15.2 14.7 15.7 16.7 17.7 15.4 16.9 17.7 17.2 18.5 25.9 23.6 22.6 23.9 17.4 21.0 23.7 26.4 18.1 23.2 
*** Mean max deficit:
59.0 58.7 73.2 60.8 73.6 78.5 61.9 63.2 57.2 69.4 90.3 93.9 70.7 91.5 87.2 78.1 70.5 88.2 64.8 86.5 