
************************************************************
*** Date Time: 22-Oct-2017 03:13:40
*** Case ID: 1
*** N links = 20, deadline = 20 ms, N runs = 20, N frames = 50000
*** Policy = Fast-CSMA, N_swap = 1 
*** qn = 1.417 1.417 1.417 1.417 1.417 1.417 1.417 1.417 1.417 1.417 1.417 1.417 1.417 1.417 1.417 1.417 1.417 1.417 1.417 1.417 
*** channel = 0.700 0.700 0.700 0.700 0.700 0.700 0.700 0.700 0.700 0.700 0.700 0.700 0.700 0.700 0.700 0.700 0.700 0.700 0.700 0.700 
*** Arrival type = Uniform-only-above-zero, delivery ratio = 0.900, lambda = 0.450, max arrival = 6
*** Time average deficit:
88.8 84.0 89.5 102.5 111.3 114.8 91.4 92.9 98.0 83.6 89.0 89.0 99.4 89.4 87.2 82.2 77.7 108.6 90.1 85.3 
*** Mean max deficit:
293.7 284.3 296.1 326.4 341.2 356.2 308.9 308.8 315.7 276.2 299.9 298.0 329.1 289.3 286.1 299.4 275.2 322.1 310.4 287.6 
************************************************************
*** Date Time: 22-Oct-2017 10:53:07
*** Case ID: 1
*** N links = 20, deadline = 20 ms, N runs = 20, N frames = 50000
*** Policy = Fast-CSMA, N_swap = 1 
*** qn = 1.323 1.323 1.323 1.323 1.323 1.323 1.323 1.323 1.323 1.323 1.323 1.323 1.323 1.323 1.323 1.323 1.323 1.323 1.323 1.323 
*** channel = 0.700 0.700 0.700 0.700 0.700 0.700 0.700 0.700 0.700 0.700 0.700 0.700 0.700 0.700 0.700 0.700 0.700 0.700 0.700 0.700 
*** Arrival type = Uniform-only-above-zero, delivery ratio = 0.900, lambda = 0.420, max arrival = 6
